[01m[K/home/happy/happy_ws/src/happy_robot/WoorobotSDK/woorobot_sdk_cpp/MotorControl.cpp:[m[K In member function â€˜[01m[Kvoid MotorControl::setMainTarget(unsigned int)[m[Kâ€™:
[01m[K/home/happy/happy_ws/src/happy_robot/WoorobotSDK/woorobot_sdk_cpp/MotorControl.cpp:84:25:[m[K [01;31m[Kerror: [m[Kâ€˜[01m[Krequests[m[Kâ€™ was not declared in this scope; did you mean â€˜[01m[Krequest[m[Kâ€™?
   84 |     for (int i = 0; i < [01;31m[Krequests[m[K.size(); i++) {
      |                         [01;31m[K^~~~~~~~[m[K
      |                         [32m[Krequest[m[K
make[2]: *** [WoorobotSDK/CMakeFiles/woorobot_sdk.dir/build.make:128: WoorobotSDK/CMakeFiles/woorobot_sdk.dir/woorobot_sdk_cpp/MotorControl.cpp.o] Error 1
make[1]: *** [CMakeFiles/Makefile2:3600: WoorobotSDK/CMakeFiles/woorobot_sdk.dir/all] Error 2
make: *** [Makefile:141: all] Error 2
