[01m[K/home/happy/happy_ws/src/happy_robot/src/motor_controller.cpp:[m[K In function â€˜[01m[Kvoid inputMotorParams(int)[m[Kâ€™:
[01m[K/home/happy/happy_ws/src/happy_robot/src/motor_controller.cpp:158:25:[m[K [01;31m[Kerror: [m[Kâ€˜[01m[Kmotor_param_all[m[Kâ€™ was not declared in this scope
  158 |     for (auto request : [01;31m[Kmotor_param_all[m[K) {
      |                         [01;31m[K^~~~~~~~~~~~~~~[m[K
[01m[K/home/happy/happy_ws/src/happy_robot/src/motor_controller.cpp:159:14:[m[K [01;31m[Kerror: [m[Kâ€˜[01m[Kready_[m[Kâ€™ was not declared in this scope; did you mean â€˜[01m[Kread[m[Kâ€™?
  159 |         if (![01;31m[Kready_[m[K) return;
      |              [01;31m[K^~~~~~[m[K
      |              [32m[Kread[m[K
[01m[K/home/happy/happy_ws/src/happy_robot/src/motor_controller.cpp:160:11:[m[K [01;31m[Kerror: [m[Kâ€˜[01m[Kconnector[m[Kâ€™ was not declared in this scope
  160 |     (void)[01;31m[Kconnector[m[K.getController(0).request(request, "inputMotorParams");
      |           [01;31m[K^~~~~~~~~[m[K
make[2]: *** [CMakeFiles/motor_controller_lib.dir/build.make:63: CMakeFiles/motor_controller_lib.dir/src/motor_controller.cpp.o] Error 1
make[1]: *** [CMakeFiles/Makefile2:860: CMakeFiles/motor_controller_lib.dir/all] Error 2
make: *** [Makefile:141: all] Error 2
