[01m[K/home/happy/happy_ws/src/happy_robot/src/motor_controller.cpp:[m[K In constructor â€˜[01m[KMotorController::MotorController(std::string, unsigned int, int)[m[Kâ€™:
[01m[K/home/happy/happy_ws/src/happy_robot/src/motor_controller.cpp:5:88:[m[K [01;31m[Kerror: [m[Kno matching function for call to â€˜[01m[KController::Controller()[m[Kâ€™
    5 | MotorController::MotorController(std::string port, unsigned int speed, int motor_number[01;31m[K)[m[K {
      |                                                                                        [01;31m[K^[m[K
In file included from [01m[K/home/happy/happy_ws/src/happy_robot/WoorobotSDK/include/SerialPortConnector.h:33[m[K,
                 from [01m[K/home/happy/happy_ws/src/happy_robot/include/motor_controller.h:2[m[K,
                 from [01m[K/home/happy/happy_ws/src/happy_robot/src/motor_controller.cpp:1[m[K:
[01m[K/home/happy/happy_ws/src/happy_robot/WoorobotSDK/include/Controller.h:20:5:[m[K [01;36m[Knote: [m[Kcandidate: â€˜[01m[KController::Controller(uint8_t, SerialPortConnector*)[m[Kâ€™
   20 |     [01;36m[KController[m[K(uint8_t id, SerialPortConnector* serial_port_connector);
      |     [01;36m[K^~~~~~~~~~[m[K
[01m[K/home/happy/happy_ws/src/happy_robot/WoorobotSDK/include/Controller.h:20:5:[m[K [01;36m[Knote: [m[K  candidate expects 2 arguments, 0 provided
[01m[K/home/happy/happy_ws/src/happy_robot/WoorobotSDK/include/Controller.h:18:7:[m[K [01;36m[Knote: [m[Kcandidate: â€˜[01m[Kconstexpr Controller::Controller(const Controller&)[m[Kâ€™
   18 | class [01;36m[KController[m[K {
      |       [01;36m[K^~~~~~~~~~[m[K
[01m[K/home/happy/happy_ws/src/happy_robot/WoorobotSDK/include/Controller.h:18:7:[m[K [01;36m[Knote: [m[K  candidate expects 1 argument, 0 provided
[01m[K/home/happy/happy_ws/src/happy_robot/src/motor_controller.cpp:21:9:[m[K [01;31m[Kerror: [m[Kâ€˜[01m[KmotorControllers[m[Kâ€™ was not declared in this scope; did you mean â€˜[01m[KMotorController[m[Kâ€™?
   21 |         [01;31m[KmotorControllers[m[K.push_back(controller);
      |         [01;31m[K^~~~~~~~~~~~~~~~[m[K
      |         [32m[KMotorController[m[K
[01m[K/home/happy/happy_ws/src/happy_robot/src/motor_controller.cpp:[m[K In member function â€˜[01m[Kfloat MotorController::getDegree(int)[m[Kâ€™:
[01m[K/home/happy/happy_ws/src/happy_robot/src/motor_controller.cpp:30:37:[m[K [01;31m[Kerror: [m[Kâ€˜[01m[KmotorControllers[m[Kâ€™ was not declared in this scope; did you mean â€˜[01m[KMotorController[m[Kâ€™?
   30 |     std::vector<uint8_t> response = [01;31m[KmotorControllers[m[K[id].request(request, "Get position now");
      |                                     [01;31m[K^~~~~~~~~~~~~~~~[m[K
      |                                     [32m[KMotorController[m[K
[01m[K/home/happy/happy_ws/src/happy_robot/src/motor_controller.cpp:[m[K In member function â€˜[01m[Kvoid MotorController::setDegree(int, float)[m[Kâ€™:
[01m[K/home/happy/happy_ws/src/happy_robot/src/motor_controller.cpp:44:5:[m[K [01;31m[Kerror: [m[Kâ€˜[01m[KmotorControllers[m[Kâ€™ was not declared in this scope; did you mean â€˜[01m[KMotorController[m[Kâ€™?
   44 |     [01;31m[KmotorControllers[m[K[id].motorControl.setAccTime(100);
      |     [01;31m[K^~~~~~~~~~~~~~~~[m[K
      |     [32m[KMotorController[m[K
[01m[K/home/happy/happy_ws/src/happy_robot/src/motor_controller.cpp:[m[K In member function â€˜[01m[Kfloat MotorController::getRPM(int)[m[Kâ€™:
[01m[K/home/happy/happy_ws/src/happy_robot/src/motor_controller.cpp:56:37:[m[K [01;31m[Kerror: [m[Kâ€˜[01m[KmotorControllers[m[Kâ€™ was not declared in this scope; did you mean â€˜[01m[KMotorController[m[Kâ€™?
   56 |     std::vector<uint8_t> response = [01;31m[KmotorControllers[m[K[id].request(request, "Get velocity now");
      |                                     [01;31m[K^~~~~~~~~~~~~~~~[m[K
      |                                     [32m[KMotorController[m[K
[01m[K/home/happy/happy_ws/src/happy_robot/src/motor_controller.cpp:[m[K In member function â€˜[01m[Kvoid MotorController::setRPM(int, float)[m[Kâ€™:
[01m[K/home/happy/happy_ws/src/happy_robot/src/motor_controller.cpp:68:5:[m[K [01;31m[Kerror: [m[Kâ€˜[01m[KmotorControllers[m[Kâ€™ was not declared in this scope; did you mean â€˜[01m[KMotorController[m[Kâ€™?
   68 |     [01;31m[KmotorControllers[m[K[id].motorControl.setAccTime(100);
      |     [01;31m[K^~~~~~~~~~~~~~~~[m[K
      |     [32m[KMotorController[m[K
[01m[K/home/happy/happy_ws/src/happy_robot/src/motor_controller.cpp:[m[K In member function â€˜[01m[Kvoid MotorController::initializeMotor(int)[m[Kâ€™:
[01m[K/home/happy/happy_ws/src/happy_robot/src/motor_controller.cpp:80:37:[m[K [01;31m[Kerror: [m[Kâ€˜[01m[KmotorControllers[m[Kâ€™ was not declared in this scope; did you mean â€˜[01m[KMotorController[m[Kâ€™?
   80 |     std::vector<uint8_t> response = [01;31m[KmotorControllers[m[K[id].request(request, "Initialize Motor");
      |                                     [01;31m[K^~~~~~~~~~~~~~~~[m[K
      |                                     [32m[KMotorController[m[K
[01m[K/home/happy/happy_ws/src/happy_robot/src/motor_controller.cpp:[m[K In member function â€˜[01m[Kbool MotorController::pingTest(int)[m[Kâ€™:
[01m[K/home/happy/happy_ws/src/happy_robot/src/motor_controller.cpp:85:37:[m[K [01;31m[Kerror: [m[Kâ€˜[01m[KmotorControllers[m[Kâ€™ was not declared in this scope; did you mean â€˜[01m[KMotorController[m[Kâ€™?
   85 |     std::vector<uint8_t> response = [01;31m[KmotorControllers[m[K[id].request(request, "Ping Test");
      |                                     [01;31m[K^~~~~~~~~~~~~~~~[m[K
      |                                     [32m[KMotorController[m[K
make[2]: *** [CMakeFiles/motor_controller_lib.dir/build.make:63: CMakeFiles/motor_controller_lib.dir/src/motor_controller.cpp.o] Error 1
make[1]: *** [CMakeFiles/Makefile2:860: CMakeFiles/motor_controller_lib.dir/all] Error 2
make: *** [Makefile:141: all] Error 2
