[01m[K/home/happy/happy_ws/src/happy_robot/src/motor_controller.cpp:[m[K In destructor â€˜[01m[KMotorController::~MotorController()[m[Kâ€™:
[01m[K/home/happy/happy_ws/src/happy_robot/src/motor_controller.cpp:27:10:[m[K [01;31m[Kerror: [m[Kâ€˜[01m[Kunordered_set[m[Kâ€™ is not a member of â€˜[01m[Kstd[m[Kâ€™
   27 |     std::[01;31m[Kunordered_set[m[K<Controller*> seen;
      |          [01;31m[K^~~~~~~~~~~~~[m[K
[01m[K/home/happy/happy_ws/src/happy_robot/src/motor_controller.cpp:2:1:[m[K [01;36m[Knote: [m[Kâ€˜[01m[Kstd::unordered_set[m[Kâ€™ is defined in header â€˜[01m[K<unordered_set>[m[Kâ€™; did you forget to â€˜[01m[K#include <unordered_set>[m[Kâ€™?
    1 | #include "motor_controller.h"
  +++ |+[32m[K#include <unordered_set>[m[K
    2 | #include <iostream>
[01m[K/home/happy/happy_ws/src/happy_robot/src/motor_controller.cpp:27:34:[m[K [01;31m[Kerror: [m[Kexpected primary-expression before â€˜[01m[K*[m[Kâ€™ token
   27 |     std::unordered_set<Controller[01;31m[K*[m[K> seen;
      |                                  [01;31m[K^[m[K
[01m[K/home/happy/happy_ws/src/happy_robot/src/motor_controller.cpp:27:35:[m[K [01;31m[Kerror: [m[Kexpected primary-expression before â€˜[01m[K>[m[Kâ€™ token
   27 |     std::unordered_set<Controller*[01;31m[K>[m[K seen;
      |                                   [01;31m[K^[m[K
[01m[K/home/happy/happy_ws/src/happy_robot/src/motor_controller.cpp:27:37:[m[K [01;31m[Kerror: [m[Kâ€˜[01m[Kseen[m[Kâ€™ was not declared in this scope
   27 |     std::unordered_set<Controller*> [01;31m[Kseen[m[K;
      |                                     [01;31m[K^~~~[m[K
make[2]: *** [CMakeFiles/motor_controller_lib.dir/build.make:63: CMakeFiles/motor_controller_lib.dir/src/motor_controller.cpp.o] Error 1
make[1]: *** [CMakeFiles/Makefile2:860: CMakeFiles/motor_controller_lib.dir/all] Error 2
make: *** [Makefile:141: all] Error 2
