[01m[Kcc1plus:[m[K [01;35m[Kwarning: [m[K/opt/ros/noetic/lib/libserial.so: not a directory
[01m[Kcc1plus:[m[K [01;35m[Kwarning: [m[K/opt/ros/noetic/lib/libserial.so: not a directory
In file included from [01m[K/opt/ros/noetic/include/ros/ros.h:40[m[K,
                 from [01m[K/home/happy/happy_ws/src/happy_robot/src/vel_converter.cpp:1[m[K:
[01m[K/home/happy/happy_ws/src/happy_robot/src/vel_converter.cpp:[m[K In member function â€˜[01m[Kvoid VelConverter::stopModeCallback(const ConstPtr&)[m[Kâ€™:
[01m[K/home/happy/happy_ws/src/happy_robot/src/vel_converter.cpp:975:22:[m[K [01;35m[Kwarning: [m[Kformat â€˜[01m[K%s[m[Kâ€™ expects argument of type â€˜[01m[Kchar*[m[Kâ€™, but argument 8 has type â€˜[01m[Kint[m[Kâ€™ [[01;35m[K-Wformat=[m[K]
  975 |             ROS_INFO([01;35m[K"Got Stop Mode MSG : %s"[m[K, [32m[Kmsg->data[m[K);
      |                      [01;35m[K^~~~~~~~~~~~~~~~~~~~~~~~[m[K  [32m[K~~~~~~~~~[m[K
      |                                                     [32m[K|[m[K
      |                                                     [32m[Kint[m[K
[01m[K/opt/ros/noetic/include/ros/console.h:351:165:[m[K [01;36m[Knote: [m[Kin definition of macro â€˜[01m[KROSCONSOLE_PRINT_AT_LOCATION_WITH_FILTER[m[Kâ€™
  351 |     ::ros::console::print(filter, __rosconsole_define_location__loc.logger_, __rosconsole_define_location__loc.level_, __FILE__, __LINE__, __ROSCONSOLE_FUNCTION__, [01;36m[K__VA_ARGS__[m[K)
      |                                                                                                                                                                     [01;36m[K^~~~~~~~~~~[m[K
[01m[K/opt/ros/noetic/include/ros/console.h:390:7:[m[K [01;36m[Knote: [m[Kin expansion of macro â€˜[01m[KROSCONSOLE_PRINT_AT_LOCATION[m[Kâ€™
  390 |       [01;36m[KROSCONSOLE_PRINT_AT_LOCATION[m[K(__VA_ARGS__); \
      |       [01;36m[K^~~~~~~~~~~~~~~~~~~~~~~~~~~~[m[K
[01m[K/opt/ros/noetic/include/ros/console.h:575:35:[m[K [01;36m[Knote: [m[Kin expansion of macro â€˜[01m[KROS_LOG_COND[m[Kâ€™
  575 | #define ROS_LOG(level, name, ...) [01;36m[KROS_LOG_COND[m[K(true, level, name, __VA_ARGS__)
      |                                   [01;36m[K^~~~~~~~~~~~[m[K
[01m[K/opt/ros/noetic/include/rosconsole/macros_generated.h:110:23:[m[K [01;36m[Knote: [m[Kin expansion of macro â€˜[01m[KROS_LOG[m[Kâ€™
  110 | #define ROS_INFO(...) [01;36m[KROS_LOG[m[K(::ros::console::levels::Info, ROSCONSOLE_DEFAULT_NAME, __VA_ARGS__)
      |                       [01;36m[K^~~~~~~[m[K
[01m[K/home/happy/happy_ws/src/happy_robot/src/vel_converter.cpp:975:13:[m[K [01;36m[Knote: [m[Kin expansion of macro â€˜[01m[KROS_INFO[m[Kâ€™
  975 |             [01;36m[KROS_INFO[m[K("Got Stop Mode MSG : %s", msg->data);
      |             [01;36m[K^~~~~~~~[m[K
[01m[K/home/happy/happy_ws/src/happy_robot/src/vel_converter.cpp:975:44:[m[K [01;36m[Knote: [m[Kformat string is defined here
  975 |             ROS_INFO("Got Stop Mode MSG : [01;36m[K%s[m[K", msg->data);
      |                                           [01;36m[K~^[m[K
      |                                            [01;36m[K|[m[K
      |                                            [01;36m[Kchar*[m[K
      |                                           [32m[K%d[m[K
[01m[K/home/happy/happy_ws/src/happy_robot/src/async_scan_merger_real_2d.cpp:[m[K In member function â€˜[01m[Kvoid LaserScanMerger::scanCallback(const ConstPtr&, const ConstPtr&, const ConstPtr&, const ConstPtr&)[m[Kâ€™:
[01m[K/home/happy/happy_ws/src/happy_robot/src/async_scan_merger_real_2d.cpp:150:43:[m[K [01;31m[Kerror: [m[Kâ€˜[01m[Kscan01[m[Kâ€™ was not declared in this scope; did you mean â€˜[01m[Kscan04[m[Kâ€™?
  150 |         std::vector<double> timeStamps = {[01;31m[Kscan01[m[K->header.stamp.toSec(), scan02->header.stamp.toSec(), scan03->header.stamp.toSec(), scan04->header.stamp.toSec(), scan05->header.stamp.toSec(), scan06->header.stamp.toSec(), scan07->header.stamp.toSec()};
      |                                           [01;31m[K^~~~~~[m[K
      |                                           [32m[Kscan04[m[K
[01m[K/home/happy/happy_ws/src/happy_robot/src/async_scan_merger_real_2d.cpp:150:73:[m[K [01;31m[Kerror: [m[Kâ€˜[01m[Kscan02[m[Kâ€™ was not declared in this scope; did you mean â€˜[01m[Kscan04[m[Kâ€™?
  150 |         std::vector<double> timeStamps = {scan01->header.stamp.toSec(), [01;31m[Kscan02[m[K->header.stamp.toSec(), scan03->header.stamp.toSec(), scan04->header.stamp.toSec(), scan05->header.stamp.toSec(), scan06->header.stamp.toSec(), scan07->header.stamp.toSec()};
      |                                                                         [01;31m[K^~~~~~[m[K
      |                                                                         [32m[Kscan04[m[K
[01m[K/home/happy/happy_ws/src/happy_robot/src/async_scan_merger_real_2d.cpp:150:103:[m[K [01;31m[Kerror: [m[Kâ€˜[01m[Kscan03[m[Kâ€™ was not declared in this scope; did you mean â€˜[01m[Kscan04[m[Kâ€™?
  150 |         std::vector<double> timeStamps = {scan01->header.stamp.toSec(), scan02->header.stamp.toSec(), [01;31m[Kscan03[m[K->header.stamp.toSec(), scan04->header.stamp.toSec(), scan05->header.stamp.toSec(), scan06->header.stamp.toSec(), scan07->header.stamp.toSec()};
      |                                                                                                       [01;31m[K^~~~~~[m[K
      |                                                                                                       [32m[Kscan04[m[K
[01m[K/home/happy/happy_ws/src/happy_robot/src/async_scan_merger_real_2d.cpp:150:251:[m[K [01;31m[Kerror: [m[Kcould not convert â€˜[01m[K{<expression error>, <expression error>, <expression error>, (& scan04)->boost::shared_ptr<const sensor_msgs::LaserScan_<std::allocator<void> > >::operator->()->sensor_msgs::LaserScan_<std::allocator<void> >::header.std_msgs::Header_<std::allocator<void> >::stamp.ros::Time::<anonymous>.ros::TimeBase<ros::Time, ros::Duration>::toSec(), (& scan05)->boost::shared_ptr<const sensor_msgs::LaserScan_<std::allocator<void> > >::operator->()->sensor_msgs::LaserScan_<std::allocator<void> >::header.std_msgs::Header_<std::allocator<void> >::stamp.ros::Time::<anonymous>.ros::TimeBase<ros::Time, ros::Duration>::toSec(), (& scan06)->boost::shared_ptr<const sensor_msgs::LaserScan_<std::allocator<void> > >::operator->()->sensor_msgs::LaserScan_<std::allocator<void> >::header.std_msgs::Header_<std::allocator<void> >::stamp.ros::Time::<anonymous>.ros::TimeBase<ros::Time, ros::Duration>::toSec(), (& scan07)->boost::shared_ptr<const sensor_msgs::LaserScan_<std::allocator<void> > >::operator->()->sensor_msgs::LaserScan_<std::allocator<void> >::header.std_msgs::Header_<std::allocator<void> >::stamp.ros::Time::<anonymous>.ros::TimeBase<ros::Time, ros::Duration>::toSec()}[m[Kâ€™ from â€˜[01m[K<brace-enclosed initializer list>[m[Kâ€™ to â€˜[01m[Kstd::vector<double>[m[Kâ€™
  150 |         std::vector<double> timeStamps = {scan01->header.stamp.toSec(), scan02->header.stamp.toSec(), scan03->header.stamp.toSec(), scan04->header.stamp.toSec(), scan05->header.stamp.toSec(), scan06->header.stamp.toSec(), scan07->header.stamp.toSec()[01;31m[K}[m[K;
      |                                                                                                                                                                                                                                                           [01;31m[K^[m[K
      |                                                                                                                                                                                                                                                           [01;31m[K|[m[K
      |                                                                                                                                                                                                                                                           [01;31m[K<brace-enclosed initializer list>[m[K
make[2]: *** [CMakeFiles/async_scan_merger_real_2d.dir/build.make:63: CMakeFiles/async_scan_merger_real_2d.dir/src/async_scan_merger_real_2d.cpp.o] Error 1
make[1]: *** [CMakeFiles/Makefile2:3552: CMakeFiles/async_scan_merger_real_2d.dir/all] Error 2
make: *** [Makefile:141: all] Error 2
