Traceback (most recent call last):
  File "/usr/bin/sphinx-build", line 11, in <module>
    load_entry_point('Sphinx==1.8.5', 'console_scripts', 'sphinx-build')()
  File "/usr/lib/python3/dist-packages/pkg_resources/__init__.py", line 490, in load_entry_point
    return get_distribution(dist).load_entry_point(group, name)
  File "/usr/lib/python3/dist-packages/pkg_resources/__init__.py", line 2854, in load_entry_point
    return ep.load()
  File "/usr/lib/python3/dist-packages/pkg_resources/__init__.py", line 2445, in load
    return self.resolve()
  File "/usr/lib/python3/dist-packages/pkg_resources/__init__.py", line 2451, in resolve
    module = __import__(self.module_name, fromlist=['__name__'], level=0)
  File "/usr/lib/python3/dist-packages/sphinx/cmd/build.py", line 25, in <module>
    from sphinx.application import Sphinx
  File "/usr/lib/python3/dist-packages/sphinx/application.py", line 48, in <module>
    from sphinx.util.tags import Tags
  File "/usr/lib/python3/dist-packages/sphinx/util/tags.py", line 11, in <module>
    from jinja2 import nodes
  File "/usr/lib/python3/dist-packages/jinja2/__init__.py", line 33, in <module>
    from jinja2.environment import Environment, Template
  File "/usr/lib/python3/dist-packages/jinja2/environment.py", line 15, in <module>
    from jinja2 import nodes
  File "/usr/lib/python3/dist-packages/jinja2/nodes.py", line 23, in <module>
    from jinja2.utils import Markup
  File "/usr/lib/python3/dist-packages/jinja2/utils.py", line 676, in <module>
    from markupsafe import Markup, escape, soft_unicode
ImportError: cannot import name 'soft_unicode' from 'markupsafe' (/home/happy/.local/lib/python3.8/site-packages/markupsafe/__init__.py)
make[2]: *** [docs/CMakeFiles/build_doc.dir/build.make:58: docs/CMakeFiles/build_doc] Error 1
make[1]: *** [CMakeFiles/Makefile2:2697: docs/CMakeFiles/build_doc.dir/all] Error 2
make[1]: *** Waiting for unfinished jobs....
make: *** [Makefile:141: all] Error 2
